2013-12-10 19:34:26#
/var/www/Git/Perf/PerformanceFramework/Performance/boot.php:14#
Performance_Main_Log_Message::__set_state(array(
   '_level' => 'DEBUG',
   '_file' => '/var/www/Git/Perf/PerformanceFramework/Performance/boot.php',
   '_line' => 14,
   '_arguments' => 
  array (
    0 => 'test',
  ),
))
2013-12-10 19:35:13#
/var/www/Git/Perf/PerformanceFramework/Performance/boot.php:14#
Performance_Main_Log_Message::__set_state(array(
   '_level' => 'DEBUG',
   '_file' => '/var/www/Git/Perf/PerformanceFramework/Performance/boot.php',
   '_line' => 14,
   '_arguments' => 
  array (
    0 => 'test',
  ),
))
2013-12-10 19:35:29#
/var/www/Git/Perf/PerformanceFramework/Performance/boot.php:14#
array (
  0 => 'test',
)
2013-12-10 19:36:25#
/var/www/Git/Perf/PerformanceFramework/Performance/boot.php:14#
'test'
2013-12-10 19:41:22#
/var/www/Git/Perf/PerformanceFramework/Performance/boot.php:14#
'test'
2013-12-10 19:41:31#
/var/www/Git/Perf/PerformanceFramework/Performance/boot.php:14#
'test'
2013-12-10 19:42:13#
/var/www/Git/Perf/PerformanceFramework/Performance/boot.php:14#
'test'
2013-12-10 19:42:44#
/var/www/Git/Perf/PerformanceFramework/Performance/boot.php:14#
'test'
2013-12-10 19:43:39#
/var/www/Git/Perf/PerformanceFramework/Performance/boot.php:14#
'test'
2013-12-10 19:45:21#INFO
/var/www/Git/Perf/PerformanceFramework/Performance/boot.php:14#
'test'
2013-12-10 19:45:39# INFO
/var/www/Git/Perf/PerformanceFramework/Performance/boot.php:14#
'test'
2013-12-10 19:47:14# WARNING
/var/www/Git/Perf/PerformanceFramework/Performance/boot.php:14#
'test'
2013-12-10 20:17:14# ERROR
/var/www/Git/Perf/PerformanceFramework/Performance/web/index.php:10#
'asd'
2013-12-10 20:17:14# ERROR
/var/www/Git/Perf/PerformanceFramework/Performance/web/index.php:11#
'#0 {main}'
2013-12-10 20:18:17# ERROR
/var/www/Git/Perf/PerformanceFramework/Performance/web/index.php:9#
'aaaaaa'
2013-12-10 20:18:17# ERROR
/var/www/Git/Perf/PerformanceFramework/Performance/web/index.php:10#
'#0 /var/www/Git/Perf/PerformanceFramework/Performance/Main/Web/App.php(65): Performance_Main_Access->checkAccess()
#1 /var/www/Git/Perf/PerformanceFramework/Performance/Main/Web/App.php(51): Performance_Main_Web_App->init()
#2 /var/www/Git/Perf/PerformanceFramework/Performance/web/index.php(7): Performance_Main_Web_App->run()
#3 {main}'
2013-12-10 20:18:25# ERROR
/var/www/Git/Perf/PerformanceFramework/Performance/web/index.php:9#
'aaaaaa'
2013-12-10 20:18:25# ERROR
/var/www/Git/Perf/PerformanceFramework/Performance/web/index.php:10#
'#0 /var/www/Git/Perf/PerformanceFramework/Performance/Main/Web/App.php(65): Performance_Main_Access->checkAccess()
#1 /var/www/Git/Perf/PerformanceFramework/Performance/Main/Web/App.php(51): Performance_Main_Web_App->init()
#2 /var/www/Git/Perf/PerformanceFramework/Performance/web/index.php(7): Performance_Main_Web_App->run()
#3 {main}'
